  Application.cpp
D:\GitHub\OpenGLCherno\OpenGL\src\Application.cpp(15,10): warning C4067: unexpected tokens following preprocessor directive - expected a newline
  IndexBuffer.cpp
  Renderer.cpp
  Shader.cpp
  Test.cpp
  TestClearColor.cpp
  TestTexture2D.cpp
  Texture.cpp
  glm.cpp
  imgui.cpp
  imgui_demo.cpp
  imgui_draw.cpp
  imgui_impl_glfw_gl3.cpp
  imgui_widgets.cpp
  stb_image.cpp
  VertexArray.cpp
  VertexBuffer.cpp
  Generating Code...
  LINK : D:\GitHub\OpenGLCherno\Debug\OpenGL.exe not found or not built by the last incremental link; performing full link
LINK : fatal error LNK1104: cannot open file 'glew32s.lib'
